2023-05-21 14:28:05,776 Loading dataset from /Users/irfankaradeniz/Downloads/heart.csv
2023-05-21 14:28:05,781 Dataset loaded successfully
2023-05-21 14:28:05,788 Generating metadata...
2023-05-21 14:28:05,798 Metadata generated.
2023-05-21 14:28:05,798 Generating synthetic datasets
2023-05-21 14:28:06,641 Synthetic datasets generated successfully
2023-05-21 14:28:06,641 Generating metadata...
2023-05-21 14:28:06,652 Metadata generated.
2023-05-21 14:28:06,652 Generating metadata...
2023-05-21 14:28:06,664 Metadata generated.
2023-05-21 14:28:06,664 Generating metadata...
2023-05-21 14:28:06,675 Metadata generated.
2023-05-21 14:28:06,675 Generating metadata...
2023-05-21 14:28:06,687 Metadata generated.
2023-05-21 14:28:06,688 Generating metadata...
2023-05-21 14:28:06,699 Metadata generated.
2023-05-21 14:28:06,699 Generating metadata...
2023-05-21 14:28:06,710 Metadata generated.
2023-05-21 14:28:06,711 Generating metadata...
2023-05-21 14:28:06,720 Metadata generated.
2023-05-21 14:28:06,720 Generating metadata...
2023-05-21 14:28:06,731 Metadata generated.
2023-05-21 14:28:06,731 Generating metadata...
2023-05-21 14:28:06,743 Metadata generated.
2023-05-21 14:28:06,744 Generating metadata...
2023-05-21 14:28:06,759 Metadata generated.
2023-05-21 14:28:06,760 Calculating Gower similarity...
2023-05-21 14:28:06,766 Calculating Gower distance matrix...
2023-05-21 14:28:06,769 Gower distance matrix calculated.
2023-05-21 14:28:06,770 Gower similarity calculated.
2023-05-21 14:28:06,776 Calculating Gower distance matrix...
2023-05-21 14:28:06,778 Gower distance matrix calculated.
2023-05-21 14:28:06,778 Gower similarity calculated.
2023-05-21 14:28:06,784 Calculating Gower distance matrix...
2023-05-21 14:28:06,788 Gower distance matrix calculated.
2023-05-21 14:28:06,788 Gower similarity calculated.
2023-05-21 14:28:06,795 Calculating Gower distance matrix...
2023-05-21 14:28:06,797 Gower distance matrix calculated.
2023-05-21 14:28:06,797 Gower similarity calculated.
2023-05-21 14:28:06,802 Calculating Gower distance matrix...
2023-05-21 14:28:06,805 Gower distance matrix calculated.
2023-05-21 14:28:06,805 Gower similarity calculated.
2023-05-21 14:28:06,811 Calculating Gower distance matrix...
2023-05-21 14:28:06,814 Gower distance matrix calculated.
2023-05-21 14:28:06,814 Gower similarity calculated.
2023-05-21 14:28:06,819 Calculating Gower distance matrix...
2023-05-21 14:28:06,821 Gower distance matrix calculated.
2023-05-21 14:28:06,821 Gower similarity calculated.
2023-05-21 14:28:06,826 Calculating Gower distance matrix...
2023-05-21 14:28:06,829 Gower distance matrix calculated.
2023-05-21 14:28:06,830 Gower similarity calculated.
2023-05-21 14:28:06,834 Calculating Gower distance matrix...
2023-05-21 14:28:06,836 Gower distance matrix calculated.
2023-05-21 14:28:06,836 Gower similarity calculated.
2023-05-21 14:28:06,841 Calculating Gower distance matrix...
2023-05-21 14:28:06,843 Gower distance matrix calculated.
2023-05-21 14:28:06,843 Gower similarity calculated.
2023-05-21 14:28:06,843 Calculating Gower similarity...
2023-05-21 14:28:06,849 Calculating Gower distance matrix...
2023-05-21 14:28:06,852 Gower distance matrix calculated.
2023-05-21 14:28:06,852 Gower similarity calculated.
2023-05-21 14:28:06,857 Calculating Gower distance matrix...
2023-05-21 14:28:06,859 Gower distance matrix calculated.
2023-05-21 14:28:06,860 Gower similarity calculated.
2023-05-21 14:28:06,865 Calculating Gower distance matrix...
2023-05-21 14:28:06,867 Gower distance matrix calculated.
2023-05-21 14:28:06,867 Gower similarity calculated.
2023-05-21 14:28:06,873 Calculating Gower distance matrix...
2023-05-21 14:28:06,875 Gower distance matrix calculated.
2023-05-21 14:28:06,875 Gower similarity calculated.
2023-05-21 14:28:06,880 Calculating Gower distance matrix...
2023-05-21 14:28:06,881 Gower distance matrix calculated.
2023-05-21 14:28:06,882 Gower similarity calculated.
2023-05-21 14:28:06,887 Calculating Gower distance matrix...
2023-05-21 14:28:06,889 Gower distance matrix calculated.
2023-05-21 14:28:06,890 Gower similarity calculated.
2023-05-21 14:28:06,896 Calculating Gower distance matrix...
2023-05-21 14:28:06,897 Gower distance matrix calculated.
2023-05-21 14:28:06,898 Gower similarity calculated.
2023-05-21 14:28:06,902 Calculating Gower distance matrix...
2023-05-21 14:28:06,904 Gower distance matrix calculated.
2023-05-21 14:28:06,904 Gower similarity calculated.
2023-05-21 14:28:06,909 Calculating Gower distance matrix...
2023-05-21 14:28:06,911 Gower distance matrix calculated.
2023-05-21 14:28:06,912 Gower similarity calculated.
2023-05-21 14:28:06,916 Calculating Gower distance matrix...
2023-05-21 14:28:06,919 Gower distance matrix calculated.
2023-05-21 14:28:06,919 Gower similarity calculated.
2023-05-21 14:28:06,919 Comparing datasets...
2023-05-21 14:28:06,987 Original dataset statistics:
               Age  Sex ChestPainType   RestingBP  Cholesterol   FastingBS RestingECG       MaxHR ExerciseAngina     Oldpeak ST_Slope  HeartDisease
count   918.000000  918           918  918.000000   918.000000  918.000000        918  918.000000            918  918.000000      918    918.000000
unique         NaN    2             4         NaN          NaN         NaN          3         NaN              2         NaN        3           NaN
top            NaN    M           ASY         NaN          NaN         NaN     Normal         NaN              N         NaN     Flat           NaN
freq           NaN  725           496         NaN          NaN         NaN        552         NaN            547         NaN      460           NaN
mean     53.510893  NaN           NaN  132.396514   198.799564    0.233115        NaN  136.809368            NaN    0.887364      NaN      0.553377
std       9.432617  NaN           NaN   18.514154   109.384145    0.423046        NaN   25.460334            NaN    1.066570      NaN      0.497414
min      28.000000  NaN           NaN    0.000000     0.000000    0.000000        NaN   60.000000            NaN   -2.600000      NaN      0.000000
25%      47.000000  NaN           NaN  120.000000   173.250000    0.000000        NaN  120.000000            NaN    0.000000      NaN      0.000000
50%      54.000000  NaN           NaN  130.000000   223.000000    0.000000        NaN  138.000000            NaN    0.600000      NaN      1.000000
75%      60.000000  NaN           NaN  140.000000   267.000000    0.000000        NaN  156.000000            NaN    1.500000      NaN      1.000000
max      77.000000  NaN           NaN  200.000000   603.000000    1.000000        NaN  202.000000            NaN    6.200000      NaN      1.000000
2023-05-21 14:28:06,999 
Synthetic dataset statistics:
                Age   Sex ChestPainType    RestingBP  Cholesterol    FastingBS RestingECG        MaxHR ExerciseAngina      Oldpeak ST_Slope  HeartDisease
count   1016.000000  1016          1016  1016.000000  1016.000000  1016.000000       1016  1016.000000           1016  1016.000000     1016   1016.000000
unique          NaN     2             4          NaN          NaN          NaN          3          NaN              2          NaN        3           NaN
top             NaN     M           ASY          NaN          NaN          NaN     Normal          NaN              N          NaN       Up           NaN
freq            NaN   792           513          NaN          NaN          NaN        636          NaN            643          NaN      490           NaN
mean      53.067924   NaN           NaN   131.928075   202.174218     0.212902        NaN   138.038682            NaN     0.831597      NaN      0.500000
std        9.396445   NaN           NaN    18.108186   106.766838     0.409435        NaN    25.404314            NaN     1.037742      NaN      0.500246
min       28.000083   NaN           NaN    -0.001652    -0.021190    -0.033582        NaN    60.012592            NaN    -2.589512      NaN      0.000000
25%       46.010817   NaN           NaN   120.000116   178.013854    -0.004437        NaN   120.004415            NaN     0.001880      NaN      0.000000
50%       53.997013   NaN           NaN   130.002657   222.997189     0.003402        NaN   139.987023            NaN     0.420138      NaN      0.500000
75%       59.989154   NaN           NaN   140.010354   267.249624     0.016890        NaN   158.001809            NaN     1.497269      NaN      1.000000
max       77.006611   NaN           NaN   200.012633   603.019082     1.025803        NaN   202.010535            NaN     6.212423      NaN      1.000000
2023-05-21 14:28:07,012 Performing train-test split and encoding...
2023-05-21 14:28:07,020 Train-test split and encoding completed.
2023-05-21 14:28:07,020 Testing Random Forest
2023-05-21 14:28:07,021 Training and evaluating model...
2023-05-21 14:28:07,209 Model evaluation completed. Accuracy: 0.9251700680272109, Recall: 0.9875, F1: 0.9349112426035503, Precision: 0.8876404494382022, ROC AUC: 0.9571828358208955
2023-05-21 14:28:07,210 Training and evaluating model...
2023-05-21 14:28:07,437 Model evaluation completed. Accuracy: 0.8367346938775511, Recall: 0.8333333333333334, F1: 0.8536585365853658, Precision: 0.875, ROC AUC: 0.8999433106575964
2023-05-21 14:28:07,437 Training and evaluating model...
2023-05-21 14:28:07,624 Model evaluation completed. Accuracy: 0.8571428571428571, Recall: 0.8823529411764706, F1: 0.8771929824561403, Precision: 0.872093023255814, ROC AUC: 0.9336812144212524
2023-05-21 14:28:07,625 Training and evaluating model...
2023-05-21 14:28:07,834 Model evaluation completed. Accuracy: 0.8775510204081632, Recall: 0.9594594594594594, F1: 0.8875000000000001, Precision: 0.8255813953488372, ROC AUC: 0.9195668271010737
2023-05-21 14:28:07,835 Training and evaluating model...
2023-05-21 14:28:08,013 Model evaluation completed. Accuracy: 0.8287671232876712, Recall: 0.8333333333333334, F1: 0.8387096774193548, Precision: 0.8441558441558441, ROC AUC: 0.8985671191553545
2023-05-21 14:28:08,014 Validating model...
2023-05-21 14:28:08,014 Performing train-test split and encoding...
2023-05-21 14:28:08,023 Train-test split and encoding completed.
2023-05-21 14:28:08,023 Training and evaluating model...
2023-05-21 14:28:08,243 Model evaluation completed. Accuracy: 0.8823529411764706, Recall: 0.896551724137931, F1: 0.896551724137931, Precision: 0.896551724137931, ROC AUC: 0.9405368338557993
2023-05-21 14:28:08,243 Model validation completed. Accuracy: 0.8823529411764706, Recall: 0.896551724137931, F1: 0.896551724137931, Precision: 0.896551724137931, ROC AUC: 0.9405368338557993
2023-05-21 14:28:08,244 Performing train-test split and encoding...
2023-05-21 14:28:08,253 Train-test split and encoding completed.
2023-05-21 14:28:08,253 Testing Random Forest on synthetic dataset
2023-05-21 14:28:08,254 Training and evaluating model...
2023-05-21 14:28:08,461 Model evaluation completed. Accuracy: 0.8774509803921569, Recall: 0.9051724137931034, F1: 0.8936170212765958, Precision: 0.8823529411764706, ROC AUC: 0.9406347962382445
2023-05-21 14:28:08,461 Performing train-test split and encoding...
2023-05-21 14:28:08,471 Train-test split and encoding completed.
2023-05-21 14:28:08,471 Testing Random Forest on synthetic dataset
2023-05-21 14:28:08,471 Training and evaluating model...
2023-05-21 14:28:08,679 Model evaluation completed. Accuracy: 0.8970588235294118, Recall: 0.9310344827586207, F1: 0.9113924050632911, Precision: 0.8925619834710744, ROC AUC: 0.9361285266457681
2023-05-21 14:28:08,679 Performing train-test split and encoding...
2023-05-21 14:28:08,689 Train-test split and encoding completed.
2023-05-21 14:28:08,690 Testing Random Forest on synthetic dataset
2023-05-21 14:28:08,690 Training and evaluating model...
2023-05-21 14:28:08,907 Model evaluation completed. Accuracy: 0.8823529411764706, Recall: 0.9137931034482759, F1: 0.8983050847457628, Precision: 0.8833333333333333, ROC AUC: 0.9393123040752351
2023-05-21 14:28:08,907 Performing train-test split and encoding...
2023-05-21 14:28:08,915 Train-test split and encoding completed.
2023-05-21 14:28:08,916 Testing Random Forest on synthetic dataset
2023-05-21 14:28:08,916 Training and evaluating model...
2023-05-21 14:28:09,121 Model evaluation completed. Accuracy: 0.8774509803921569, Recall: 0.9051724137931034, F1: 0.8936170212765958, Precision: 0.8823529411764706, ROC AUC: 0.9371081504702194
2023-05-21 14:28:09,121 Performing train-test split and encoding...
2023-05-21 14:28:09,131 Train-test split and encoding completed.
2023-05-21 14:28:09,131 Testing Random Forest on synthetic dataset
2023-05-21 14:28:09,131 Training and evaluating model...
2023-05-21 14:28:09,343 Model evaluation completed. Accuracy: 0.8823529411764706, Recall: 0.896551724137931, F1: 0.896551724137931, Precision: 0.896551724137931, ROC AUC: 0.9405368338557993
2023-05-21 14:28:09,343 Performing train-test split and encoding...
2023-05-21 14:28:09,352 Train-test split and encoding completed.
2023-05-21 14:28:09,352 Testing Random Forest on synthetic dataset
2023-05-21 14:28:09,352 Training and evaluating model...
2023-05-21 14:28:09,688 Model evaluation completed. Accuracy: 0.8725490196078431, Recall: 0.896551724137931, F1: 0.888888888888889, Precision: 0.8813559322033898, ROC AUC: 0.9377449059561128
2023-05-21 14:28:09,688 Performing train-test split and encoding...
2023-05-21 14:28:09,709 Train-test split and encoding completed.
2023-05-21 14:28:09,709 Testing Random Forest on synthetic dataset
2023-05-21 14:28:09,710 Training and evaluating model...
2023-05-21 14:28:09,986 Model evaluation completed. Accuracy: 0.8627450980392157, Recall: 0.9137931034482759, F1: 0.8833333333333333, Precision: 0.8548387096774194, ROC AUC: 0.9276547805642633
2023-05-21 14:28:09,987 Performing train-test split and encoding...
2023-05-21 14:28:09,995 Train-test split and encoding completed.
2023-05-21 14:28:09,995 Testing Random Forest on synthetic dataset
2023-05-21 14:28:09,995 Training and evaluating model...
2023-05-21 14:28:10,194 Model evaluation completed. Accuracy: 0.8676470588235294, Recall: 0.8879310344827587, F1: 0.8841201716738197, Precision: 0.8803418803418803, ROC AUC: 0.9307405956112853
2023-05-21 14:28:10,194 Performing train-test split and encoding...
2023-05-21 14:28:10,203 Train-test split and encoding completed.
2023-05-21 14:28:10,203 Testing Random Forest on synthetic dataset
2023-05-21 14:28:10,203 Training and evaluating model...
2023-05-21 14:28:10,397 Model evaluation completed. Accuracy: 0.8725490196078431, Recall: 0.896551724137931, F1: 0.888888888888889, Precision: 0.8813559322033898, ROC AUC: 0.9394592476489029
2023-05-21 14:28:10,397 Performing train-test split and encoding...
2023-05-21 14:28:10,406 Train-test split and encoding completed.
2023-05-21 14:28:10,406 Testing Random Forest on synthetic dataset
2023-05-21 14:28:10,406 Training and evaluating model...
2023-05-21 14:28:10,602 Model evaluation completed. Accuracy: 0.8725490196078431, Recall: 0.9137931034482759, F1: 0.8907563025210085, Precision: 0.8688524590163934, ROC AUC: 0.9372061128526646
2023-05-21 15:01:10,814 Loading dataset from /Users/irfankaradeniz/Downloads/heart.csv
2023-05-21 15:01:10,887 Dataset loaded successfully
2023-05-21 15:01:10,895 Generating metadata...
2023-05-21 15:01:10,906 Metadata generated.
2023-05-21 15:01:10,906 Generating synthetic datasets
2023-05-21 15:01:11,616 Synthetic datasets generated successfully
2023-05-21 15:01:11,616 Generating metadata...
2023-05-21 15:01:11,625 Metadata generated.
2023-05-21 15:01:11,625 Generating metadata...
2023-05-21 15:01:11,634 Metadata generated.
2023-05-21 15:01:11,634 Generating metadata...
2023-05-21 15:01:11,643 Metadata generated.
2023-05-21 15:01:11,644 Generating metadata...
2023-05-21 15:01:11,652 Metadata generated.
2023-05-21 15:01:11,652 Generating metadata...
2023-05-21 15:01:11,660 Metadata generated.
2023-05-21 15:01:11,661 Generating metadata...
2023-05-21 15:01:11,671 Metadata generated.
2023-05-21 15:01:11,672 Generating metadata...
2023-05-21 15:01:11,680 Metadata generated.
2023-05-21 15:01:11,680 Generating metadata...
2023-05-21 15:01:11,688 Metadata generated.
2023-05-21 15:01:11,689 Generating metadata...
2023-05-21 15:01:11,697 Metadata generated.
2023-05-21 15:01:11,697 Generating metadata...
2023-05-21 15:01:11,705 Metadata generated.
2023-05-21 15:01:11,705 Calculating Gower similarity...
2023-05-21 15:01:11,711 Calculating Gower distance matrix...
2023-05-21 15:01:11,715 Gower distance matrix calculated.
2023-05-21 15:01:11,715 Gower similarity calculated.
2023-05-21 15:01:11,720 Calculating Gower distance matrix...
2023-05-21 15:01:11,724 Gower distance matrix calculated.
2023-05-21 15:01:11,724 Gower similarity calculated.
2023-05-21 15:01:11,729 Calculating Gower distance matrix...
2023-05-21 15:01:11,732 Gower distance matrix calculated.
2023-05-21 15:01:11,733 Gower similarity calculated.
2023-05-21 15:01:11,738 Calculating Gower distance matrix...
2023-05-21 15:01:11,740 Gower distance matrix calculated.
2023-05-21 15:01:11,741 Gower similarity calculated.
2023-05-21 15:01:11,746 Calculating Gower distance matrix...
2023-05-21 15:01:11,749 Gower distance matrix calculated.
2023-05-21 15:01:11,749 Gower similarity calculated.
2023-05-21 15:01:11,755 Calculating Gower distance matrix...
2023-05-21 15:01:11,757 Gower distance matrix calculated.
2023-05-21 15:01:11,758 Gower similarity calculated.
2023-05-21 15:01:11,762 Calculating Gower distance matrix...
2023-05-21 15:01:11,764 Gower distance matrix calculated.
2023-05-21 15:01:11,764 Gower similarity calculated.
2023-05-21 15:01:11,769 Calculating Gower distance matrix...
2023-05-21 15:01:11,771 Gower distance matrix calculated.
2023-05-21 15:01:11,772 Gower similarity calculated.
2023-05-21 15:01:11,775 Calculating Gower distance matrix...
2023-05-21 15:01:11,777 Gower distance matrix calculated.
2023-05-21 15:01:11,777 Gower similarity calculated.
2023-05-21 15:01:11,782 Calculating Gower distance matrix...
2023-05-21 15:01:11,784 Gower distance matrix calculated.
2023-05-21 15:01:11,784 Gower similarity calculated.
2023-05-21 15:01:11,786 Calculating Gower similarity...
2023-05-21 15:01:11,791 Calculating Gower distance matrix...
2023-05-21 15:01:11,792 Gower distance matrix calculated.
2023-05-21 15:01:11,792 Gower similarity calculated.
2023-05-21 15:01:11,796 Calculating Gower distance matrix...
2023-05-21 15:01:11,797 Gower distance matrix calculated.
2023-05-21 15:01:11,797 Gower similarity calculated.
2023-05-21 15:01:11,801 Calculating Gower distance matrix...
2023-05-21 15:01:11,803 Gower distance matrix calculated.
2023-05-21 15:01:11,803 Gower similarity calculated.
2023-05-21 15:01:11,807 Calculating Gower distance matrix...
2023-05-21 15:01:11,809 Gower distance matrix calculated.
2023-05-21 15:01:11,809 Gower similarity calculated.
2023-05-21 15:01:11,812 Calculating Gower distance matrix...
2023-05-21 15:01:11,814 Gower distance matrix calculated.
2023-05-21 15:01:11,814 Gower similarity calculated.
2023-05-21 15:01:11,818 Calculating Gower distance matrix...
2023-05-21 15:01:11,820 Gower distance matrix calculated.
2023-05-21 15:01:11,820 Gower similarity calculated.
2023-05-21 15:01:11,823 Calculating Gower distance matrix...
2023-05-21 15:01:11,826 Gower distance matrix calculated.
2023-05-21 15:01:11,826 Gower similarity calculated.
2023-05-21 15:01:11,831 Calculating Gower distance matrix...
2023-05-21 15:01:11,833 Gower distance matrix calculated.
2023-05-21 15:01:11,833 Gower similarity calculated.
2023-05-21 15:01:11,837 Calculating Gower distance matrix...
2023-05-21 15:01:11,839 Gower distance matrix calculated.
2023-05-21 15:01:11,839 Gower similarity calculated.
2023-05-21 15:01:11,844 Calculating Gower distance matrix...
2023-05-21 15:01:11,845 Gower distance matrix calculated.
2023-05-21 15:01:11,846 Gower similarity calculated.
2023-05-21 15:01:11,846 Performing train-test split and encoding...
2023-05-21 15:01:11,887 Train-test split and encoding completed.
2023-05-21 15:01:11,887 Testing Random Forest
2023-05-21 15:01:11,888 Training and evaluating model...
2023-05-21 15:01:12,054 Model evaluation completed. Accuracy: 0.9251700680272109, Recall: 0.9875, F1: 0.9349112426035503, Precision: 0.8876404494382022, ROC AUC: 0.9571828358208955
2023-05-21 15:01:12,055 Training and evaluating model...
2023-05-21 15:01:12,213 Model evaluation completed. Accuracy: 0.8367346938775511, Recall: 0.8333333333333334, F1: 0.8536585365853658, Precision: 0.875, ROC AUC: 0.8999433106575964
2023-05-21 15:01:12,213 Training and evaluating model...
2023-05-21 15:01:12,373 Model evaluation completed. Accuracy: 0.8571428571428571, Recall: 0.8823529411764706, F1: 0.8771929824561403, Precision: 0.872093023255814, ROC AUC: 0.9336812144212524
2023-05-21 15:01:12,374 Training and evaluating model...
2023-05-21 15:01:12,531 Model evaluation completed. Accuracy: 0.8775510204081632, Recall: 0.9594594594594594, F1: 0.8875000000000001, Precision: 0.8255813953488372, ROC AUC: 0.9195668271010737
2023-05-21 15:01:12,532 Training and evaluating model...
2023-05-21 15:01:12,690 Model evaluation completed. Accuracy: 0.8287671232876712, Recall: 0.8333333333333334, F1: 0.8387096774193548, Precision: 0.8441558441558441, ROC AUC: 0.8985671191553545
2023-05-21 15:01:12,690 Validating model...
2023-05-21 15:01:12,690 Performing train-test split and encoding...
2023-05-21 15:01:12,697 Train-test split and encoding completed.
2023-05-21 15:01:12,698 Training and evaluating model...
2023-05-21 15:01:12,888 Model evaluation completed. Accuracy: 0.8823529411764706, Recall: 0.9051724137931034, F1: 0.8974358974358974, Precision: 0.8898305084745762, ROC AUC: 0.9416144200626959
2023-05-21 15:01:12,888 Model validation completed. Accuracy: 0.8823529411764706, Recall: 0.9051724137931034, F1: 0.8974358974358974, Precision: 0.8898305084745762, ROC AUC: 0.9416144200626959
2023-05-21 15:01:12,888 Performing train-test split and encoding...
2023-05-21 15:01:12,896 Train-test split and encoding completed.
2023-05-21 15:01:12,896 Testing Random Forest on synthetic dataset
2023-05-21 15:01:12,896 Training and evaluating model...
2023-05-21 15:01:13,080 Model evaluation completed. Accuracy: 0.8823529411764706, Recall: 0.9051724137931034, F1: 0.8974358974358974, Precision: 0.8898305084745762, ROC AUC: 0.9416144200626959
2023-05-21 15:01:13,080 Performing train-test split and encoding...
2023-05-21 15:01:13,087 Train-test split and encoding completed.
2023-05-21 15:01:13,087 Testing Random Forest on synthetic dataset
2023-05-21 15:01:13,087 Training and evaluating model...
2023-05-21 15:01:13,273 Model evaluation completed. Accuracy: 0.8627450980392157, Recall: 0.896551724137931, F1: 0.8813559322033899, Precision: 0.8666666666666667, ROC AUC: 0.9274098746081505
2023-05-21 15:01:13,273 Performing train-test split and encoding...
2023-05-21 15:01:13,280 Train-test split and encoding completed.
2023-05-21 15:01:13,280 Testing Random Forest on synthetic dataset
2023-05-21 15:01:13,280 Training and evaluating model...
2023-05-21 15:01:13,460 Model evaluation completed. Accuracy: 0.8774509803921569, Recall: 0.9051724137931034, F1: 0.8936170212765958, Precision: 0.8823529411764706, ROC AUC: 0.9354427899686519
2023-05-21 15:01:13,460 Performing train-test split and encoding...
2023-05-21 15:01:13,467 Train-test split and encoding completed.
2023-05-21 15:01:13,467 Testing Random Forest on synthetic dataset
2023-05-21 15:01:13,467 Training and evaluating model...
2023-05-21 15:01:13,644 Model evaluation completed. Accuracy: 0.8627450980392157, Recall: 0.896551724137931, F1: 0.8813559322033899, Precision: 0.8666666666666667, ROC AUC: 0.9335325235109718
2023-05-21 15:01:13,644 Performing train-test split and encoding...
2023-05-21 15:01:13,652 Train-test split and encoding completed.
2023-05-21 15:01:13,652 Testing Random Forest on synthetic dataset
2023-05-21 15:01:13,652 Training and evaluating model...
2023-05-21 15:01:13,838 Model evaluation completed. Accuracy: 0.8970588235294118, Recall: 0.9224137931034483, F1: 0.9106382978723405, Precision: 0.8991596638655462, ROC AUC: 0.935442789968652
2023-05-21 15:01:13,838 Performing train-test split and encoding...
2023-05-21 15:01:13,846 Train-test split and encoding completed.
2023-05-21 15:01:13,846 Testing Random Forest on synthetic dataset
2023-05-21 15:01:13,846 Training and evaluating model...
2023-05-21 15:01:14,033 Model evaluation completed. Accuracy: 0.8676470588235294, Recall: 0.896551724137931, F1: 0.8851063829787235, Precision: 0.8739495798319328, ROC AUC: 0.9347080721003135
2023-05-21 15:01:14,033 Performing train-test split and encoding...
2023-05-21 15:01:14,040 Train-test split and encoding completed.
2023-05-21 15:01:14,040 Testing Random Forest on synthetic dataset
2023-05-21 15:01:14,040 Training and evaluating model...
2023-05-21 15:01:14,221 Model evaluation completed. Accuracy: 0.8774509803921569, Recall: 0.896551724137931, F1: 0.8927038626609441, Precision: 0.8888888888888888, ROC AUC: 0.9325528996865204
2023-05-21 15:01:14,221 Performing train-test split and encoding...
2023-05-21 15:01:14,229 Train-test split and encoding completed.
2023-05-21 15:01:14,229 Testing Random Forest on synthetic dataset
2023-05-21 15:01:14,230 Training and evaluating model...
2023-05-21 15:01:14,408 Model evaluation completed. Accuracy: 0.8627450980392157, Recall: 0.896551724137931, F1: 0.8813559322033899, Precision: 0.8666666666666667, ROC AUC: 0.9335325235109717
2023-05-21 15:01:14,408 Performing train-test split and encoding...
2023-05-21 15:01:14,416 Train-test split and encoding completed.
2023-05-21 15:01:14,416 Testing Random Forest on synthetic dataset
2023-05-21 15:01:14,416 Training and evaluating model...
2023-05-21 15:01:14,596 Model evaluation completed. Accuracy: 0.8774509803921569, Recall: 0.896551724137931, F1: 0.8927038626609441, Precision: 0.8888888888888888, ROC AUC: 0.9281445924764892
2023-05-21 15:01:14,596 Performing train-test split and encoding...
2023-05-21 15:01:14,603 Train-test split and encoding completed.
2023-05-21 15:01:14,603 Testing Random Forest on synthetic dataset
2023-05-21 15:01:14,603 Training and evaluating model...
2023-05-21 15:01:14,791 Model evaluation completed. Accuracy: 0.8676470588235294, Recall: 0.9051724137931034, F1: 0.8860759493670886, Precision: 0.8677685950413223, ROC AUC: 0.9352958463949843
2023-05-23 20:58:55,737 Loading dataset from /Users/irfankaradeniz/Downloads/heart.csv
2023-05-23 20:58:55,844 Dataset loaded successfully
2023-05-23 20:58:55,866 Generating metadata...
2023-05-23 20:58:55,886 Metadata generated.
2023-05-23 21:10:34,506 Loading dataset from /Users/irfankaradeniz/Downloads/heart.csv
2023-05-23 21:10:34,513 Dataset loaded successfully
2023-05-23 21:10:34,519 Generating metadata...
2023-05-23 21:10:34,531 Metadata generated.
2023-05-23 21:11:05,620 Generating synthetic datasets
2023-05-23 21:11:06,455 Synthetic datasets generated successfully
2023-05-23 21:11:06,456 Generating metadata...
2023-05-23 21:11:06,467 Metadata generated.
2023-05-23 21:11:06,467 Generating metadata...
2023-05-23 21:11:06,477 Metadata generated.
2023-05-23 21:11:06,477 Generating metadata...
2023-05-23 21:11:06,490 Metadata generated.
2023-05-23 21:11:06,490 Generating metadata...
2023-05-23 21:11:06,501 Metadata generated.
2023-05-23 21:11:06,501 Generating metadata...
2023-05-23 21:11:06,513 Metadata generated.
2023-05-23 21:11:06,513 Generating metadata...
2023-05-23 21:11:06,524 Metadata generated.
2023-05-23 21:11:06,524 Generating metadata...
2023-05-23 21:11:06,533 Metadata generated.
2023-05-23 21:11:06,534 Generating metadata...
2023-05-23 21:11:06,546 Metadata generated.
2023-05-23 21:11:06,546 Generating metadata...
2023-05-23 21:11:06,556 Metadata generated.
2023-05-23 21:11:06,557 Generating metadata...
2023-05-23 21:11:06,571 Metadata generated.
2023-05-23 21:14:21,477 Calculating Gower similarity...
2023-05-23 21:14:21,491 Calculating Gower distance matrix...
2023-05-23 21:14:21,523 Gower distance matrix calculated.
2023-05-23 21:14:21,540 Gower similarity calculated.
2023-05-23 21:14:21,547 Calculating Gower distance matrix...
2023-05-23 21:14:21,551 Gower distance matrix calculated.
2023-05-23 21:14:21,551 Gower similarity calculated.
2023-05-23 21:14:21,558 Calculating Gower distance matrix...
2023-05-23 21:14:21,560 Gower distance matrix calculated.
2023-05-23 21:14:21,561 Gower similarity calculated.
2023-05-23 21:14:21,581 Calculating Gower distance matrix...
2023-05-23 21:14:21,584 Gower distance matrix calculated.
2023-05-23 21:14:21,585 Gower similarity calculated.
2023-05-23 21:14:21,590 Calculating Gower distance matrix...
2023-05-23 21:14:21,593 Gower distance matrix calculated.
2023-05-23 21:14:21,593 Gower similarity calculated.
2023-05-23 21:14:21,599 Calculating Gower distance matrix...
2023-05-23 21:14:21,602 Gower distance matrix calculated.
2023-05-23 21:14:21,603 Gower similarity calculated.
2023-05-23 21:14:21,607 Calculating Gower distance matrix...
2023-05-23 21:14:21,610 Gower distance matrix calculated.
2023-05-23 21:14:21,610 Gower similarity calculated.
2023-05-23 21:14:21,615 Calculating Gower distance matrix...
2023-05-23 21:14:21,616 Gower distance matrix calculated.
2023-05-23 21:14:21,616 Gower similarity calculated.
2023-05-23 21:14:21,623 Calculating Gower distance matrix...
2023-05-23 21:14:21,625 Gower distance matrix calculated.
2023-05-23 21:14:21,625 Gower similarity calculated.
2023-05-23 21:14:21,631 Calculating Gower distance matrix...
2023-05-23 21:14:21,633 Gower distance matrix calculated.
2023-05-23 21:14:21,633 Gower similarity calculated.
2023-05-23 21:17:49,349 Calculating Gower similarity...
2023-05-23 21:17:49,366 Calculating Gower distance matrix...
2023-05-23 21:17:49,373 Gower distance matrix calculated.
2023-05-23 21:17:49,374 Gower similarity calculated.
2023-05-23 21:17:49,382 Calculating Gower distance matrix...
2023-05-23 21:17:49,384 Gower distance matrix calculated.
2023-05-23 21:17:49,384 Gower similarity calculated.
2023-05-23 21:17:49,389 Calculating Gower distance matrix...
2023-05-23 21:17:49,392 Gower distance matrix calculated.
2023-05-23 21:17:49,393 Gower similarity calculated.
2023-05-23 21:17:49,400 Calculating Gower distance matrix...
2023-05-23 21:17:49,402 Gower distance matrix calculated.
2023-05-23 21:17:49,402 Gower similarity calculated.
2023-05-23 21:17:49,406 Calculating Gower distance matrix...
2023-05-23 21:17:49,408 Gower distance matrix calculated.
2023-05-23 21:17:49,408 Gower similarity calculated.
2023-05-23 21:17:49,412 Calculating Gower distance matrix...
2023-05-23 21:17:49,415 Gower distance matrix calculated.
2023-05-23 21:17:49,416 Gower similarity calculated.
2023-05-23 21:17:49,422 Calculating Gower distance matrix...
2023-05-23 21:17:49,424 Gower distance matrix calculated.
2023-05-23 21:17:49,424 Gower similarity calculated.
2023-05-23 21:17:49,429 Calculating Gower distance matrix...
2023-05-23 21:17:49,431 Gower distance matrix calculated.
2023-05-23 21:17:49,431 Gower similarity calculated.
2023-05-23 21:17:49,436 Calculating Gower distance matrix...
2023-05-23 21:17:49,438 Gower distance matrix calculated.
2023-05-23 21:17:49,438 Gower similarity calculated.
2023-05-23 21:17:49,444 Calculating Gower distance matrix...
2023-05-23 21:17:49,446 Gower distance matrix calculated.
2023-05-23 21:17:49,446 Gower similarity calculated.
2023-05-23 21:31:28,102 Starting visualization of Gower's similarity scores...
2023-05-23 21:34:41,253 Starting visualization of Gower's similarity scores...
2023-05-23 21:34:46,684 Starting visualization of Gower's similarity scores...
2023-05-23 21:35:30,255 Starting visualization of Gower's similarity scores...
2023-05-23 21:35:47,690 Starting visualization of Gower's similarity scores...
2023-05-23 21:37:02,322 Starting visualization of Gower's similarity scores...
2023-05-23 21:37:15,658 Starting visualization of Gower's similarity scores...
2023-05-23 21:47:09,501 Performing train-test split and encoding...
2023-05-23 21:47:09,524 Train-test split and encoding completed.
2023-05-23 21:47:09,525 Testing Random Forest
2023-05-23 21:47:09,529 Training and evaluating model...
2023-05-23 21:47:09,745 Model evaluation completed. Accuracy: 0.9251700680272109, Recall: 0.9875, F1: 0.9349112426035503, Precision: 0.8876404494382022, ROC AUC: 0.9571828358208955
2023-05-23 21:47:09,747 Training and evaluating model...
2023-05-23 21:47:09,973 Model evaluation completed. Accuracy: 0.8367346938775511, Recall: 0.8333333333333334, F1: 0.8536585365853658, Precision: 0.875, ROC AUC: 0.8999433106575964
2023-05-23 21:47:09,978 Training and evaluating model...
2023-05-23 21:47:10,190 Model evaluation completed. Accuracy: 0.8571428571428571, Recall: 0.8823529411764706, F1: 0.8771929824561403, Precision: 0.872093023255814, ROC AUC: 0.9336812144212524
2023-05-23 21:47:10,191 Training and evaluating model...
2023-05-23 21:47:10,375 Model evaluation completed. Accuracy: 0.8775510204081632, Recall: 0.9594594594594594, F1: 0.8875000000000001, Precision: 0.8255813953488372, ROC AUC: 0.9195668271010737
2023-05-23 21:47:10,376 Training and evaluating model...
2023-05-23 21:47:10,563 Model evaluation completed. Accuracy: 0.8287671232876712, Recall: 0.8333333333333334, F1: 0.8387096774193548, Precision: 0.8441558441558441, ROC AUC: 0.8985671191553545
2023-05-23 21:49:16,453 Performing train-test split and encoding...
2023-05-23 21:49:16,470 Train-test split and encoding completed.
2023-05-23 21:49:16,471 Testing Random Forest
2023-05-23 21:49:16,473 Training and evaluating model...
2023-05-23 21:49:16,651 Model evaluation completed. Accuracy: 0.9251700680272109, Recall: 0.9875, F1: 0.9349112426035503, Precision: 0.8876404494382022, ROC AUC: 0.9571828358208955
2023-05-23 21:49:16,652 Training and evaluating model...
2023-05-23 21:49:16,837 Model evaluation completed. Accuracy: 0.8367346938775511, Recall: 0.8333333333333334, F1: 0.8536585365853658, Precision: 0.875, ROC AUC: 0.8999433106575964
2023-05-23 21:49:16,838 Training and evaluating model...
2023-05-23 21:49:17,008 Model evaluation completed. Accuracy: 0.8571428571428571, Recall: 0.8823529411764706, F1: 0.8771929824561403, Precision: 0.872093023255814, ROC AUC: 0.9336812144212524
2023-05-23 21:49:17,009 Training and evaluating model...
2023-05-23 21:49:17,231 Model evaluation completed. Accuracy: 0.8775510204081632, Recall: 0.9594594594594594, F1: 0.8875000000000001, Precision: 0.8255813953488372, ROC AUC: 0.9195668271010737
2023-05-23 21:49:17,231 Training and evaluating model...
2023-05-23 21:49:17,409 Model evaluation completed. Accuracy: 0.8287671232876712, Recall: 0.8333333333333334, F1: 0.8387096774193548, Precision: 0.8441558441558441, ROC AUC: 0.8985671191553545
2023-05-23 22:13:42,691 Validating model...
2023-05-23 22:13:42,693 Performing train-test split and encoding...
2023-05-23 22:13:42,711 Train-test split and encoding completed.
2023-05-23 22:13:42,711 Training and evaluating model...
2023-05-23 22:13:42,918 Model evaluation completed. Accuracy: 0.8578431372549019, Recall: 0.896551724137931, F1: 0.8776371308016878, Precision: 0.859504132231405, ROC AUC: 0.9331406739811913
2023-05-23 22:13:42,918 Model validation completed. Accuracy: 0.8578431372549019, Recall: 0.896551724137931, F1: 0.8776371308016878, Precision: 0.859504132231405, ROC AUC: 0.9331406739811913
2023-05-23 22:15:43,539 Validating model...
2023-05-23 22:15:43,540 Performing train-test split and encoding...
2023-05-23 22:15:43,559 Train-test split and encoding completed.
2023-05-23 22:15:43,559 Training and evaluating model...
2023-05-23 22:15:43,771 Model evaluation completed. Accuracy: 0.8578431372549019, Recall: 0.896551724137931, F1: 0.8776371308016878, Precision: 0.859504132231405, ROC AUC: 0.9331406739811913
2023-05-23 22:17:08,516 Validating model...
2023-05-23 22:17:08,516 Performing train-test split and encoding...
2023-05-23 22:17:08,534 Train-test split and encoding completed.
2023-05-23 22:17:08,534 Training and evaluating model...
2023-05-23 22:17:08,748 Model evaluation completed. Accuracy: 0.8578431372549019, Recall: 0.896551724137931, F1: 0.8776371308016878, Precision: 0.859504132231405, ROC AUC: 0.9331406739811913
2023-05-23 22:17:08,748 Model validation completed. Accuracy: 0.8578431372549019, Recall: 0.896551724137931, F1: 0.8776371308016878, Precision: 0.859504132231405, ROC AUC: 0.9331406739811913
